<?xml version="1.0" encoding="UTF-8"?>
<!-- Generated by org.testng.reporters.JUnitXMLReporter -->
<testsuite ignored="8" hostname="Sagar" failures="1" tests="5" name="Surefire test" time="34.938" errors="0" timestamp="2025-10-31T18:11:22 IST">
  <testcase classname="testNG.CreateCampaignTest" name="createCampaignWithAllFields" time="4.418"/>
  <testcase classname="testNG.CreateCampaignTest" name="createCampaignWithMandatoryDetails" time="2.762"/>
  <testcase classname="testNG.CreateCampaignTest" name="createCampaignWithExpectedCloseDate" time="0.19">
    <failure type="java.lang.NullPointerException" message="Cannot invoke &amp;quot;org.apache.poi.ss.usermodel.Cell.getStringCellValue()&amp;quot; because the return value of &amp;quot;org.apache.poi.ss.usermodel.Row.getCell(int)&amp;quot; is null">
      <![CDATA[java.lang.NullPointerException: Cannot invoke "org.apache.poi.ss.usermodel.Cell.getStringCellValue()" because the return value of "org.apache.poi.ss.usermodel.Row.getCell(int)" is null
at com.comcast.crm.geniricUtility.ExcelUtility.toReadDataFromExcel(ExcelUtility.java:13)
at testNG.CreateCampaignTest.createCampaignWithExpectedCloseDate(CreateCampaignTest.java:74)
at java.base/java.util.ArrayList.forEach(ArrayList.java:1511)
... Removed 32 stack frames]]>
    </failure>
  </testcase> <!-- createCampaignWithExpectedCloseDate -->
  <testcase classname="testNG.CreateContactTest" name="createContactWithMandatoryDetails" time="4.038"/>
  <testcase classname="testNG.CreateProductTest" name="createProductWithMandatoryDetails" time="2.714"/>
  <testcase classname="com.comcast.crm.geniricUtility.BaseClass" name="@BeforeSuite beforeSuite" time="0.0">
    <ignored/>
  </testcase> <!-- @BeforeSuite beforeSuite -->
  <testcase classname="com.comcast.crm.geniricUtility.BaseClass" name="@BeforeTest beforeTest" time="0.0">
    <ignored/>
  </testcase> <!-- @BeforeTest beforeTest -->
  <testcase classname="com.comcast.crm.geniricUtility.BaseClass" name="@AfterTest afterTest" time="0.0">
    <ignored/>
  </testcase> <!-- @AfterTest afterTest -->
  <testcase classname="com.comcast.crm.geniricUtility.BaseClass" name="@BeforeSuite beforeSuite" time="0.0">
    <ignored/>
  </testcase> <!-- @BeforeSuite beforeSuite -->
  <testcase classname="com.comcast.crm.geniricUtility.BaseClass" name="@BeforeTest beforeTest" time="0.0">
    <ignored/>
  </testcase> <!-- @BeforeTest beforeTest -->
  <testcase classname="com.comcast.crm.geniricUtility.BaseClass" name="@AfterTest afterTest" time="0.0">
    <ignored/>
  </testcase> <!-- @AfterTest afterTest -->
  <testcase classname="com.comcast.crm.geniricUtility.BaseClass" name="@AfterSuite afterSuite" time="0.0">
    <ignored/>
  </testcase> <!-- @AfterSuite afterSuite -->
  <testcase classname="com.comcast.crm.geniricUtility.BaseClass" name="@AfterSuite afterSuite" time="0.0">
    <ignored/>
  </testcase> <!-- @AfterSuite afterSuite -->
</testsuite> <!-- Surefire test -->
