<?xml version="1.0" encoding="UTF-8"?>
<!-- Generated by org.testng.reporters.JUnitXMLReporter -->
<testsuite ignored="0" hostname="Sagar" failures="0" tests="5" name="Default test" time="38.751" errors="0" timestamp="2025-12-01T17:33:37 IST">
  <testcase classname="pracTestNG.Dataprov" name="login" time="15.153"/>
  <testcase classname="pracTestNG.Dataprov" name="login" time="7.12"/>
  <testcase classname="pracTestNG.Dataprov" name="login" time="4.915"/>
  <testcase classname="pracTestNG.Dataprov" name="login" time="5.271"/>
  <testcase classname="pracTestNG.Dataprov" name="login" time="5.373"/>
</testsuite> <!-- Default test -->
