<?xml version="1.0" encoding="UTF-8"?>
<testng-results ignored="0" total="5" passed="4" failed="1" skipped="0">
  <reporter-output>
    <line>
      <![CDATA[Report Configuration]]>
    </line>
    <line>
      <![CDATA[Establisihing DataBase connection]]>
    </line>
    <line>
      <![CDATA[Pre-Conditions]]>
    </line>
    <line>
      <![CDATA[Launched Browser]]>
    </line>
    <line>
      <![CDATA[Login Done]]>
    </line>
    <line>
      <![CDATA[Logout done]]>
    </line>
    <line>
      <![CDATA[Login Done]]>
    </line>
    <line>
      <![CDATA[Logout done]]>
    </line>
    <line>
      <![CDATA[Login Done]]>
    </line>
    <line>
      <![CDATA[Logout done]]>
    </line>
    <line>
      <![CDATA[closing browser]]>
    </line>
    <line>
      <![CDATA[Launched Browser]]>
    </line>
    <line>
      <![CDATA[Login Done]]>
    </line>
    <line>
      <![CDATA[Logout done]]>
    </line>
    <line>
      <![CDATA[closing browser]]>
    </line>
    <line>
      <![CDATA[Launched Browser]]>
    </line>
    <line>
      <![CDATA[Login Done]]>
    </line>
    <line>
      <![CDATA[Logout done]]>
    </line>
    <line>
      <![CDATA[closing browser]]>
    </line>
    <line>
      <![CDATA[Post Conditions]]>
    </line>
    <line>
      <![CDATA[Disconnect DB]]>
    </line>
  </reporter-output>
  <suite started-at="2025-10-31T18:10:47 IST" name="Surefire suite" finished-at="2025-10-31T18:11:22 IST" duration-ms="34938">
    <groups>
      <group name="regression">
        <method signature="CreateCampaignTest.createCampaignWithMandatoryDetails()[pri:0, instance:testNG.CreateCampaignTest@636be97c]" name="createCampaignWithMandatoryDetails" class="testNG.CreateCampaignTest"/>
        <method signature="CreateCampaignTest.createCampaignWithExpectedCloseDate()[pri:1, instance:testNG.CreateCampaignTest@636be97c]" name="createCampaignWithExpectedCloseDate" class="testNG.CreateCampaignTest"/>
      </group> <!-- regression -->
      <group name="smoke">
        <method signature="CreateContactTest.createContactWithMandatoryDetails()[pri:0, instance:testNG.CreateContactTest@1725dc0f]" name="createContactWithMandatoryDetails" class="testNG.CreateContactTest"/>
        <method signature="CreateProductTest.createProductWithMandatoryDetails()[pri:0, instance:testNG.CreateProductTest@3911c2a7]" name="createProductWithMandatoryDetails" class="testNG.CreateProductTest"/>
      </group> <!-- smoke -->
    </groups>
    <test started-at="2025-10-31T18:10:47 IST" name="Surefire test" finished-at="2025-10-31T18:11:22 IST" duration-ms="34938">
      <class name="testNG.CreateContactTest">
        <test-method is-config="true" signature="beforeClass()[pri:0, instance:testNG.CreateContactTest@1725dc0f]" started-at="2025-10-31T18:11:06 IST" name="beforeClass" finished-at="2025-10-31T18:11:07 IST" duration-ms="1058" status="PASS">
          <reporter-output>
            <line>
              <![CDATA[Launched Browser]]>
            </line>
          </reporter-output>
        </test-method> <!-- beforeClass -->
        <test-method is-config="true" signature="beforeMethod()[pri:0, instance:testNG.CreateContactTest@1725dc0f]" started-at="2025-10-31T18:11:07 IST" name="beforeMethod" finished-at="2025-10-31T18:11:09 IST" duration-ms="1263" status="PASS">
          <reporter-output>
            <line>
              <![CDATA[Login Done]]>
            </line>
          </reporter-output>
        </test-method> <!-- beforeMethod -->
        <test-method signature="createContactWithMandatoryDetails()[pri:0, instance:testNG.CreateContactTest@1725dc0f]" started-at="2025-10-31T18:11:09 IST" name="createContactWithMandatoryDetails" finished-at="2025-10-31T18:11:13 IST" duration-ms="4038" status="PASS">
          <reporter-output>
          </reporter-output>
        </test-method> <!-- createContactWithMandatoryDetails -->
        <test-method is-config="true" signature="afterMethod()[pri:0, instance:testNG.CreateContactTest@1725dc0f]" started-at="2025-10-31T18:11:13 IST" name="afterMethod" finished-at="2025-10-31T18:11:15 IST" duration-ms="2082" status="PASS">
          <reporter-output>
            <line>
              <![CDATA[Logout done]]>
            </line>
          </reporter-output>
        </test-method> <!-- afterMethod -->
        <test-method is-config="true" signature="AfterClass()[pri:0, instance:testNG.CreateContactTest@1725dc0f]" started-at="2025-10-31T18:11:15 IST" name="AfterClass" finished-at="2025-10-31T18:11:15 IST" duration-ms="289" status="PASS">
          <reporter-output>
            <line>
              <![CDATA[closing browser]]>
            </line>
          </reporter-output>
        </test-method> <!-- AfterClass -->
      </class> <!-- testNG.CreateContactTest -->
      <class name="testNG.CreateCampaignTest">
        <test-method is-config="true" signature="beforeSuite()[pri:0, instance:testNG.CreateCampaignTest@636be97c]" started-at="2025-10-31T18:10:47 IST" name="beforeSuite" finished-at="2025-10-31T18:10:47 IST" duration-ms="12" status="PASS">
          <reporter-output>
            <line>
              <![CDATA[Establisihing DataBase connection]]>
            </line>
          </reporter-output>
        </test-method> <!-- beforeSuite -->
        <test-method is-config="true" signature="beforeTest()[pri:0, instance:testNG.CreateCampaignTest@636be97c]" started-at="2025-10-31T18:10:47 IST" name="beforeTest" finished-at="2025-10-31T18:10:47 IST" duration-ms="1" status="PASS">
          <reporter-output>
            <line>
              <![CDATA[Pre-Conditions]]>
            </line>
          </reporter-output>
        </test-method> <!-- beforeTest -->
        <test-method is-config="true" signature="beforeClass()[pri:0, instance:testNG.CreateCampaignTest@636be97c]" started-at="2025-10-31T18:10:47 IST" name="beforeClass" finished-at="2025-10-31T18:10:49 IST" duration-ms="1884" status="PASS">
          <reporter-output>
            <line>
              <![CDATA[Launched Browser]]>
            </line>
          </reporter-output>
        </test-method> <!-- beforeClass -->
        <test-method is-config="true" signature="beforeMethod()[pri:0, instance:testNG.CreateCampaignTest@636be97c]" started-at="2025-10-31T18:10:49 IST" name="beforeMethod" finished-at="2025-10-31T18:10:51 IST" duration-ms="1857" status="PASS">
          <reporter-output>
            <line>
              <![CDATA[Login Done]]>
            </line>
          </reporter-output>
        </test-method> <!-- beforeMethod -->
        <test-method signature="createCampaignWithAllFields()[pri:0, instance:testNG.CreateCampaignTest@636be97c]" started-at="2025-10-31T18:10:51 IST" name="createCampaignWithAllFields" finished-at="2025-10-31T18:10:56 IST" duration-ms="4418" status="PASS">
          <reporter-output>
          </reporter-output>
        </test-method> <!-- createCampaignWithAllFields -->
        <test-method is-config="true" signature="afterMethod()[pri:0, instance:testNG.CreateCampaignTest@636be97c]" started-at="2025-10-31T18:10:56 IST" name="afterMethod" finished-at="2025-10-31T18:10:57 IST" duration-ms="1789" status="PASS">
          <reporter-output>
            <line>
              <![CDATA[Logout done]]>
            </line>
          </reporter-output>
        </test-method> <!-- afterMethod -->
        <test-method is-config="true" signature="beforeMethod()[pri:0, instance:testNG.CreateCampaignTest@636be97c]" started-at="2025-10-31T18:10:57 IST" name="beforeMethod" finished-at="2025-10-31T18:10:58 IST" duration-ms="934" status="PASS">
          <reporter-output>
            <line>
              <![CDATA[Login Done]]>
            </line>
          </reporter-output>
        </test-method> <!-- beforeMethod -->
        <test-method signature="createCampaignWithMandatoryDetails()[pri:0, instance:testNG.CreateCampaignTest@636be97c]" started-at="2025-10-31T18:10:58 IST" name="createCampaignWithMandatoryDetails" finished-at="2025-10-31T18:11:01 IST" duration-ms="2762" status="PASS">
          <reporter-output>
          </reporter-output>
        </test-method> <!-- createCampaignWithMandatoryDetails -->
        <test-method is-config="true" signature="afterMethod()[pri:0, instance:testNG.CreateCampaignTest@636be97c]" started-at="2025-10-31T18:11:01 IST" name="afterMethod" finished-at="2025-10-31T18:11:03 IST" duration-ms="1577" status="PASS">
          <reporter-output>
            <line>
              <![CDATA[Logout done]]>
            </line>
          </reporter-output>
        </test-method> <!-- afterMethod -->
        <test-method is-config="true" signature="beforeMethod()[pri:0, instance:testNG.CreateCampaignTest@636be97c]" started-at="2025-10-31T18:11:03 IST" name="beforeMethod" finished-at="2025-10-31T18:11:04 IST" duration-ms="1041" status="PASS">
          <reporter-output>
            <line>
              <![CDATA[Login Done]]>
            </line>
          </reporter-output>
        </test-method> <!-- beforeMethod -->
        <test-method signature="createCampaignWithExpectedCloseDate()[pri:1, instance:testNG.CreateCampaignTest@636be97c]" started-at="2025-10-31T18:11:04 IST" name="createCampaignWithExpectedCloseDate" finished-at="2025-10-31T18:11:04 IST" duration-ms="190" status="FAIL">
          <exception class="java.lang.NullPointerException">
            <message>
              <![CDATA[Cannot invoke "org.apache.poi.ss.usermodel.Cell.getStringCellValue()" because the return value of "org.apache.poi.ss.usermodel.Row.getCell(int)" is null]]>
            </message>
            <full-stacktrace>
              <![CDATA[java.lang.NullPointerException: Cannot invoke "org.apache.poi.ss.usermodel.Cell.getStringCellValue()" because the return value of "org.apache.poi.ss.usermodel.Row.getCell(int)" is null
at com.comcast.crm.geniricUtility.ExcelUtility.toReadDataFromExcel(ExcelUtility.java:13)
at testNG.CreateCampaignTest.createCampaignWithExpectedCloseDate(CreateCampaignTest.java:74)
at java.base/jdk.internal.reflect.NativeMethodAccessorImpl.invoke0(Native Method)
at java.base/jdk.internal.reflect.NativeMethodAccessorImpl.invoke(NativeMethodAccessorImpl.java:77)
at java.base/jdk.internal.reflect.DelegatingMethodAccessorImpl.invoke(DelegatingMethodAccessorImpl.java:43)
at java.base/java.lang.reflect.Method.invoke(Method.java:568)
at org.testng.internal.invokers.MethodInvocationHelper.invokeMethod(MethodInvocationHelper.java:141)
at org.testng.internal.invokers.TestInvoker.invokeMethod(TestInvoker.java:687)
at org.testng.internal.invokers.TestInvoker.invokeTestMethod(TestInvoker.java:230)
at org.testng.internal.invokers.MethodRunner.runInSequence(MethodRunner.java:63)
at org.testng.internal.invokers.TestInvoker$MethodInvocationAgent.invoke(TestInvoker.java:995)
at org.testng.internal.invokers.TestInvoker.invokeTestMethods(TestInvoker.java:203)
at org.testng.internal.invokers.TestMethodWorker.invokeTestMethods(TestMethodWorker.java:154)
at org.testng.internal.invokers.TestMethodWorker.run(TestMethodWorker.java:134)
at java.base/java.util.ArrayList.forEach(ArrayList.java:1511)
at org.testng.TestRunner.privateRun(TestRunner.java:741)
at org.testng.TestRunner.run(TestRunner.java:616)
at org.testng.SuiteRunner.runTest(SuiteRunner.java:421)
at org.testng.SuiteRunner.runSequentially(SuiteRunner.java:413)
at org.testng.SuiteRunner.privateRun(SuiteRunner.java:373)
at org.testng.SuiteRunner.run(SuiteRunner.java:312)
at org.testng.SuiteRunnerWorker.runSuite(SuiteRunnerWorker.java:52)
at org.testng.SuiteRunnerWorker.run(SuiteRunnerWorker.java:95)
at org.testng.TestNG.runSuitesSequentially(TestNG.java:1274)
at org.testng.TestNG.runSuitesLocally(TestNG.java:1208)
at org.testng.TestNG.runSuites(TestNG.java:1112)
at org.testng.TestNG.run(TestNG.java:1079)
at org.apache.maven.surefire.testng.TestNGExecutor.run(TestNGExecutor.java:155)
at org.apache.maven.surefire.testng.TestNGDirectoryTestSuite.executeMulti(TestNGDirectoryTestSuite.java:169)
at org.apache.maven.surefire.testng.TestNGDirectoryTestSuite.execute(TestNGDirectoryTestSuite.java:88)
at org.apache.maven.surefire.testng.TestNGProvider.invoke(TestNGProvider.java:137)
at org.apache.maven.surefire.booter.ForkedBooter.runSuitesInProcess(ForkedBooter.java:385)
at org.apache.maven.surefire.booter.ForkedBooter.execute(ForkedBooter.java:162)
at org.apache.maven.surefire.booter.ForkedBooter.run(ForkedBooter.java:507)
at org.apache.maven.surefire.booter.ForkedBooter.main(ForkedBooter.java:495)
]]>
            </full-stacktrace>
          </exception> <!-- java.lang.NullPointerException -->
          <reporter-output>
          </reporter-output>
        </test-method> <!-- createCampaignWithExpectedCloseDate -->
        <test-method is-config="true" signature="afterMethod()[pri:0, instance:testNG.CreateCampaignTest@636be97c]" started-at="2025-10-31T18:11:04 IST" name="afterMethod" finished-at="2025-10-31T18:11:06 IST" duration-ms="1929" status="PASS">
          <reporter-output>
            <line>
              <![CDATA[Logout done]]>
            </line>
          </reporter-output>
        </test-method> <!-- afterMethod -->
        <test-method is-config="true" signature="AfterClass()[pri:0, instance:testNG.CreateCampaignTest@636be97c]" started-at="2025-10-31T18:11:06 IST" name="AfterClass" finished-at="2025-10-31T18:11:06 IST" duration-ms="341" status="PASS">
          <reporter-output>
            <line>
              <![CDATA[closing browser]]>
            </line>
          </reporter-output>
        </test-method> <!-- AfterClass -->
        <test-method is-config="true" signature="afterTest()[pri:0, instance:testNG.CreateCampaignTest@636be97c]" started-at="2025-10-31T18:11:22 IST" name="afterTest" finished-at="2025-10-31T18:11:22 IST" duration-ms="0" status="PASS">
          <reporter-output>
            <line>
              <![CDATA[Post Conditions]]>
            </line>
          </reporter-output>
        </test-method> <!-- afterTest -->
        <test-method is-config="true" signature="afterSuite()[pri:0, instance:testNG.CreateCampaignTest@636be97c]" started-at="2025-10-31T18:11:22 IST" name="afterSuite" finished-at="2025-10-31T18:11:22 IST" duration-ms="1" status="PASS">
          <reporter-output>
            <line>
              <![CDATA[Disconnect DB]]>
            </line>
          </reporter-output>
        </test-method> <!-- afterSuite -->
      </class> <!-- testNG.CreateCampaignTest -->
      <class name="testNG.CreateProductTest">
        <test-method is-config="true" signature="beforeClass()[pri:0, instance:testNG.CreateProductTest@3911c2a7]" started-at="2025-10-31T18:11:15 IST" name="beforeClass" finished-at="2025-10-31T18:11:16 IST" duration-ms="980" status="PASS">
          <reporter-output>
            <line>
              <![CDATA[Launched Browser]]>
            </line>
          </reporter-output>
        </test-method> <!-- beforeClass -->
        <test-method is-config="true" signature="beforeMethod()[pri:0, instance:testNG.CreateProductTest@3911c2a7]" started-at="2025-10-31T18:11:16 IST" name="beforeMethod" finished-at="2025-10-31T18:11:17 IST" duration-ms="1301" status="PASS">
          <reporter-output>
            <line>
              <![CDATA[Login Done]]>
            </line>
          </reporter-output>
        </test-method> <!-- beforeMethod -->
        <test-method signature="createProductWithMandatoryDetails()[pri:0, instance:testNG.CreateProductTest@3911c2a7]" started-at="2025-10-31T18:11:17 IST" name="createProductWithMandatoryDetails" finished-at="2025-10-31T18:11:20 IST" duration-ms="2714" status="PASS">
          <reporter-output>
          </reporter-output>
        </test-method> <!-- createProductWithMandatoryDetails -->
        <test-method is-config="true" signature="afterMethod()[pri:0, instance:testNG.CreateProductTest@3911c2a7]" started-at="2025-10-31T18:11:20 IST" name="afterMethod" finished-at="2025-10-31T18:11:22 IST" duration-ms="1836" status="PASS">
          <reporter-output>
            <line>
              <![CDATA[Logout done]]>
            </line>
          </reporter-output>
        </test-method> <!-- afterMethod -->
        <test-method is-config="true" signature="AfterClass()[pri:0, instance:testNG.CreateProductTest@3911c2a7]" started-at="2025-10-31T18:11:22 IST" name="AfterClass" finished-at="2025-10-31T18:11:22 IST" duration-ms="303" status="PASS">
          <reporter-output>
            <line>
              <![CDATA[closing browser]]>
            </line>
          </reporter-output>
        </test-method> <!-- AfterClass -->
      </class> <!-- testNG.CreateProductTest -->
    </test> <!-- Surefire test -->
  </suite> <!-- Surefire suite -->
</testng-results>
