<?xml version="1.0" encoding="UTF-8"?>
<testng-results ignored="0" total="5" passed="5" failed="0" skipped="0">
  <reporter-output>
  </reporter-output>
  <suite started-at="2025-12-01T17:32:59 IST" name="Default suite" finished-at="2025-12-01T17:33:37 IST" duration-ms="38751">
    <groups>
    </groups>
    <test started-at="2025-12-01T17:32:59 IST" name="Default test" finished-at="2025-12-01T17:33:37 IST" duration-ms="38751">
      <class name="pracTestNG.Dataprov">
        <test-method signature="login(java.lang.String,java.lang.String)[pri:0, instance:pracTestNG.Dataprov@702657cc]" started-at="2025-12-01T17:32:59 IST" name="login" data-provider="loginDetails" finished-at="2025-12-01T17:33:15 IST" duration-ms="15153" status="PASS">
          <params>
            <param index="0">
              <value>
                <![CDATA[Shikha]]>
              </value>
            </param>
            <param index="1">
              <value>
                <![CDATA[s123]]>
              </value>
            </param>
          </params>
          <reporter-output>
          </reporter-output>
        </test-method> <!-- login -->
        <test-method signature="login(java.lang.String,java.lang.String)[pri:0, instance:pracTestNG.Dataprov@702657cc]" started-at="2025-12-01T17:33:15 IST" name="login" data-provider="loginDetails" finished-at="2025-12-01T17:33:22 IST" duration-ms="7120" status="PASS">
          <params>
            <param index="0">
              <value>
                <![CDATA[Anjali]]>
              </value>
            </param>
            <param index="1">
              <value>
                <![CDATA[a123]]>
              </value>
            </param>
          </params>
          <reporter-output>
          </reporter-output>
        </test-method> <!-- login -->
        <test-method signature="login(java.lang.String,java.lang.String)[pri:0, instance:pracTestNG.Dataprov@702657cc]" started-at="2025-12-01T17:33:22 IST" name="login" data-provider="loginDetails" finished-at="2025-12-01T17:33:27 IST" duration-ms="4915" status="PASS">
          <params>
            <param index="0">
              <value>
                <![CDATA[Drishya]]>
              </value>
            </param>
            <param index="1">
              <value>
                <![CDATA[d123]]>
              </value>
            </param>
          </params>
          <reporter-output>
          </reporter-output>
        </test-method> <!-- login -->
        <test-method signature="login(java.lang.String,java.lang.String)[pri:0, instance:pracTestNG.Dataprov@702657cc]" started-at="2025-12-01T17:33:27 IST" name="login" data-provider="loginDetails" finished-at="2025-12-01T17:33:32 IST" duration-ms="5271" status="PASS">
          <params>
            <param index="0">
              <value>
                <![CDATA[Lavanya]]>
              </value>
            </param>
            <param index="1">
              <value>
                <![CDATA[l123]]>
              </value>
            </param>
          </params>
          <reporter-output>
          </reporter-output>
        </test-method> <!-- login -->
        <test-method signature="login(java.lang.String,java.lang.String)[pri:0, instance:pracTestNG.Dataprov@702657cc]" started-at="2025-12-01T17:33:32 IST" name="login" data-provider="loginDetails" finished-at="2025-12-01T17:33:37 IST" duration-ms="5373" status="PASS">
          <params>
            <param index="0">
              <value>
                <![CDATA[Akhila]]>
              </value>
            </param>
            <param index="1">
              <value>
                <![CDATA[a123]]>
              </value>
            </param>
          </params>
          <reporter-output>
          </reporter-output>
        </test-method> <!-- login -->
      </class> <!-- pracTestNG.Dataprov -->
    </test> <!-- Default test -->
  </suite> <!-- Default suite -->
</testng-results>
