<?xml version="1.0" encoding="UTF-8"?>
<!-- Generated by org.testng.reporters.JUnitReportReporter -->
<testsuite hostname="Sagar" failures="0" tests="5" name="pracTestNG.Dataprov" time="37.832" errors="0" timestamp="2025-12-01T17:33:37 IST" skipped="0">
  <testcase classname="pracTestNG.Dataprov" name="login" time="4.915"/>
  <testcase classname="pracTestNG.Dataprov" name="login" time="5.271"/>
  <testcase classname="pracTestNG.Dataprov" name="login" time="15.153"/>
  <testcase classname="pracTestNG.Dataprov" name="login" time="5.373"/>
  <testcase classname="pracTestNG.Dataprov" name="login" time="7.120"/>
</testsuite> <!-- pracTestNG.Dataprov -->
